[ 2015-11-03T08:47:27+08:00 ] 127.0.0.1 /
INFO: [ app_init ] --START--
INFO: Run Behavior\BuildLiteBehavior [ RunTime:0.000000s ]
INFO: [ app_init ] --END-- [ RunTime:0.014001s ]
INFO: [ app_begin ] --START--
INFO: Run Behavior\ReadHtmlCacheBehavior [ RunTime:0.002000s ]
INFO: [ app_begin ] --END-- [ RunTime:0.002000s ]
INFO: [ view_parse ] --START--
INFO: [ template_filter ] --START--
INFO: Run Behavior\ContentReplaceBehavior [ RunTime:0.000000s ]
INFO: [ template_filter ] --END-- [ RunTime:0.000000s ]
INFO: Run Behavior\ParseTemplateBehavior [ RunTime:0.013001s ]
INFO: [ view_parse ] --END-- [ RunTime:0.013001s ]
INFO: [ view_filter ] --START--
INFO: Run Behavior\WriteHtmlCacheBehavior [ RunTime:0.002000s ]
INFO: [ view_filter ] --END-- [ RunTime:0.003000s ]
INFO: [ app_end ] --START--
INFO: Run Behavior\ShowPageTraceBehavior [ RunTime:0.002000s ]
INFO: [ app_end ] --END-- [ RunTime:0.002000s ]

[ 2015-11-03T08:47:27+08:00 ] 127.0.0.1 /favicon.ico
INFO: [ app_init ] --START--
INFO: Run Behavior\BuildLiteBehavior [ RunTime:0.000000s ]
INFO: [ app_init ] --END-- [ RunTime:0.001000s ]

[ 2015-11-03T08:47:29+08:00 ] 127.0.0.1 /index.php?m=Index&c=Index&a=my_pro_1
INFO: [ app_init ] --START--
INFO: Run Behavior\BuildLiteBehavior [ RunTime:0.000000s ]
INFO: [ app_init ] --END-- [ RunTime:0.000000s ]
INFO: [ app_begin ] --START--
INFO: Run Behavior\ReadHtmlCacheBehavior [ RunTime:0.000000s ]
INFO: [ app_begin ] --END-- [ RunTime:0.000000s ]
INFO: [ view_parse ] --START--
INFO: [ template_filter ] --START--
INFO: Run Behavior\ContentReplaceBehavior [ RunTime:0.000000s ]
INFO: [ template_filter ] --END-- [ RunTime:0.000000s ]
INFO: Run Behavior\ParseTemplateBehavior [ RunTime:0.025002s ]
INFO: [ view_parse ] --END-- [ RunTime:0.025002s ]
INFO: [ view_filter ] --START--
INFO: Run Behavior\WriteHtmlCacheBehavior [ RunTime:0.000000s ]
INFO: [ view_filter ] --END-- [ RunTime:0.000000s ]

[ 2015-11-03T08:47:32+08:00 ] 127.0.0.1 /index.php?m=Index&c=Public&a=login
INFO: [ app_init ] --START--
INFO: Run Behavior\BuildLiteBehavior [ RunTime:0.000000s ]
INFO: [ app_init ] --END-- [ RunTime:0.000000s ]
INFO: [ app_begin ] --START--
INFO: Run Behavior\ReadHtmlCacheBehavior [ RunTime:0.001000s ]
INFO: [ app_begin ] --END-- [ RunTime:0.001000s ]
INFO: [ view_parse ] --START--
INFO: [ template_filter ] --START--
INFO: Run Behavior\ContentReplaceBehavior [ RunTime:0.000000s ]
INFO: [ template_filter ] --END-- [ RunTime:0.000000s ]
INFO: Run Behavior\ParseTemplateBehavior [ RunTime:0.031001s ]
INFO: [ view_parse ] --END-- [ RunTime:0.032002s ]
INFO: [ view_filter ] --START--
INFO: Run Behavior\WriteHtmlCacheBehavior [ RunTime:0.001000s ]
INFO: [ view_filter ] --END-- [ RunTime:0.001000s ]
INFO: [ app_end ] --START--
INFO: Run Behavior\ShowPageTraceBehavior [ RunTime:0.000000s ]
INFO: [ app_end ] --END-- [ RunTime:0.001000s ]

[ 2015-11-03T08:47:32+08:00 ] 127.0.0.1 /index.php?m=Index&c=Public&a=verify
INFO: [ app_init ] --START--
INFO: Run Behavior\BuildLiteBehavior [ RunTime:0.000000s ]
INFO: [ app_init ] --END-- [ RunTime:0.000000s ]
INFO: [ app_begin ] --START--
INFO: Run Behavior\ReadHtmlCacheBehavior [ RunTime:0.000000s ]
INFO: [ app_begin ] --END-- [ RunTime:0.001000s ]
INFO: [ app_end ] --START--
INFO: Run Behavior\ShowPageTraceBehavior [ RunTime:0.001000s ]
INFO: [ app_end ] --END-- [ RunTime:0.001000s ]

[ 2015-11-03T08:47:38+08:00 ] 127.0.0.1 /index.php?m=Index&c=Public&a=login
INFO: [ app_init ] --START--
INFO: Run Behavior\BuildLiteBehavior [ RunTime:0.000000s ]
INFO: [ app_init ] --END-- [ RunTime:0.001000s ]
INFO: [ app_begin ] --START--
INFO: Run Behavior\ReadHtmlCacheBehavior [ RunTime:0.000000s ]
INFO: [ app_begin ] --END-- [ RunTime:0.001000s ]
SQL: SHOW COLUMNS FROM `users` [ RunTime:0.0468s ]
SQL: SELECT * FROM `users` WHERE ( username ='user1' ) LIMIT 1   [ RunTime:0.0000s ]
SQL: UPDATE `users` SET `last_login`='1446511657',`last_ip`='127.0.0.1' WHERE `id` = 1 [ RunTime:0.0000s ]
INFO: [ app_end ] --START--
INFO: Run Behavior\ShowPageTraceBehavior [ RunTime:0.000000s ]
INFO: [ app_end ] --END-- [ RunTime:0.000000s ]

[ 2015-11-03T08:47:38+08:00 ] 127.0.0.1 /index.php?m=Index&c=Index&a=index
INFO: [ app_init ] --START--
INFO: Run Behavior\BuildLiteBehavior [ RunTime:0.000000s ]
INFO: [ app_init ] --END-- [ RunTime:0.001001s ]
INFO: [ app_begin ] --START--
INFO: Run Behavior\ReadHtmlCacheBehavior [ RunTime:0.001000s ]
INFO: [ app_begin ] --END-- [ RunTime:0.001000s ]
INFO: [ view_parse ] --START--
INFO: [ template_filter ] --START--
INFO: Run Behavior\ContentReplaceBehavior [ RunTime:0.001000s ]
INFO: [ template_filter ] --END-- [ RunTime:0.001000s ]
INFO: Run Behavior\ParseTemplateBehavior [ RunTime:0.006000s ]
INFO: [ view_parse ] --END-- [ RunTime:0.007000s ]
INFO: [ view_filter ] --START--
INFO: Run Behavior\WriteHtmlCacheBehavior [ RunTime:0.000000s ]
INFO: [ view_filter ] --END-- [ RunTime:0.000000s ]
INFO: [ app_end ] --START--
INFO: Run Behavior\ShowPageTraceBehavior [ RunTime:0.001000s ]
INFO: [ app_end ] --END-- [ RunTime:0.001000s ]

[ 2015-11-03T08:47:41+08:00 ] 127.0.0.1 /index.php?m=Index&c=Index&a=my_pro_1
INFO: [ app_init ] --START--
INFO: Run Behavior\BuildLiteBehavior [ RunTime:0.000000s ]
INFO: [ app_init ] --END-- [ RunTime:0.001000s ]
INFO: [ app_begin ] --START--
INFO: Run Behavior\ReadHtmlCacheBehavior [ RunTime:0.001000s ]
INFO: [ app_begin ] --END-- [ RunTime:0.001000s ]
SQL: SHOW COLUMNS FROM `classify` [ RunTime:0.0440s ]
SQL: SELECT * FROM `classify`  [ RunTime:0.0010s ]
INFO: [ view_parse ] --START--
INFO: [ template_filter ] --START--
INFO: Run Behavior\ContentReplaceBehavior [ RunTime:0.000000s ]
INFO: [ template_filter ] --END-- [ RunTime:0.000000s ]
NOTIC: [8] Undefined variable: info E:\WWW\project\Runtime\Cache\Index\32afd11540848f7ba6d6341ae31640cc.php 第 52 行.
NOTIC: [8] Undefined variable: info E:\WWW\project\Runtime\Cache\Index\32afd11540848f7ba6d6341ae31640cc.php 第 53 行.
NOTIC: [8] Undefined variable: info E:\WWW\project\Runtime\Cache\Index\32afd11540848f7ba6d6341ae31640cc.php 第 53 行.
NOTIC: [8] Undefined variable: info E:\WWW\project\Runtime\Cache\Index\32afd11540848f7ba6d6341ae31640cc.php 第 53 行.
NOTIC: [8] Undefined variable: info E:\WWW\project\Runtime\Cache\Index\32afd11540848f7ba6d6341ae31640cc.php 第 53 行.
NOTIC: [8] Undefined variable: info E:\WWW\project\Runtime\Cache\Index\32afd11540848f7ba6d6341ae31640cc.php 第 53 行.
NOTIC: [8] Undefined variable: info E:\WWW\project\Runtime\Cache\Index\32afd11540848f7ba6d6341ae31640cc.php 第 53 行.
INFO: Run Behavior\ParseTemplateBehavior [ RunTime:0.026002s ]
INFO: [ view_parse ] --END-- [ RunTime:0.026002s ]
INFO: [ view_filter ] --START--
INFO: Run Behavior\WriteHtmlCacheBehavior [ RunTime:0.001000s ]
INFO: [ view_filter ] --END-- [ RunTime:0.001000s ]
INFO: [ app_end ] --START--
INFO: Run Behavior\ShowPageTraceBehavior [ RunTime:0.001000s ]
INFO: [ app_end ] --END-- [ RunTime:0.001000s ]

[ 2015-11-03T08:47:59+08:00 ] 127.0.0.1 /index.php?m=Index&c=Index&a=my_pro_1
INFO: [ app_init ] --START--
INFO: Run Behavior\BuildLiteBehavior [ RunTime:0.000000s ]
INFO: [ app_init ] --END-- [ RunTime:0.000000s ]
INFO: [ app_begin ] --START--
INFO: Run Behavior\ReadHtmlCacheBehavior [ RunTime:0.000000s ]
INFO: [ app_begin ] --END-- [ RunTime:0.000000s ]
SQL: SHOW COLUMNS FROM `classify` [ RunTime:0.0040s ]
SQL: SELECT * FROM `classify`  [ RunTime:0.0000s ]
INFO: [ view_parse ] --START--
INFO: [ template_filter ] --START--
INFO: Run Behavior\ContentReplaceBehavior [ RunTime:0.000000s ]
INFO: [ template_filter ] --END-- [ RunTime:0.000000s ]
NOTIC: [8] Undefined variable: info E:\WWW\project\Runtime\Cache\Index\32afd11540848f7ba6d6341ae31640cc.php 第 52 行.
NOTIC: [8] Undefined variable: info E:\WWW\project\Runtime\Cache\Index\32afd11540848f7ba6d6341ae31640cc.php 第 53 行.
NOTIC: [8] Undefined variable: info E:\WWW\project\Runtime\Cache\Index\32afd11540848f7ba6d6341ae31640cc.php 第 53 行.
NOTIC: [8] Undefined variable: info E:\WWW\project\Runtime\Cache\Index\32afd11540848f7ba6d6341ae31640cc.php 第 53 行.
NOTIC: [8] Undefined variable: info E:\WWW\project\Runtime\Cache\Index\32afd11540848f7ba6d6341ae31640cc.php 第 53 行.
NOTIC: [8] Undefined variable: info E:\WWW\project\Runtime\Cache\Index\32afd11540848f7ba6d6341ae31640cc.php 第 53 行.
NOTIC: [8] Undefined variable: info E:\WWW\project\Runtime\Cache\Index\32afd11540848f7ba6d6341ae31640cc.php 第 53 行.
INFO: Run Behavior\ParseTemplateBehavior [ RunTime:0.009000s ]
INFO: [ view_parse ] --END-- [ RunTime:0.009000s ]
INFO: [ view_filter ] --START--
INFO: Run Behavior\WriteHtmlCacheBehavior [ RunTime:0.001001s ]
INFO: [ view_filter ] --END-- [ RunTime:0.001001s ]
INFO: [ app_end ] --START--
INFO: Run Behavior\ShowPageTraceBehavior [ RunTime:0.001000s ]
INFO: [ app_end ] --END-- [ RunTime:0.001000s ]

[ 2015-11-03T08:48:20+08:00 ] 127.0.0.1 /index.php?m=Admin&c=Editor&a=upload&dir=image
INFO: [ app_init ] --START--
INFO: Run Behavior\BuildLiteBehavior [ RunTime:0.000000s ]
INFO: [ app_init ] --END-- [ RunTime:0.001000s ]
INFO: [ app_begin ] --START--
INFO: Run Behavior\ReadHtmlCacheBehavior [ RunTime:0.001000s ]
INFO: [ app_begin ] --END-- [ RunTime:0.001000s ]
ERR: 无法加载控制器:Editor

[ 2015-11-03T08:51:14+08:00 ] 127.0.0.1 /index.php?m=Index&c=Index&a=my_pro_1
INFO: [ app_init ] --START--
INFO: Run Behavior\BuildLiteBehavior [ RunTime:0.000000s ]
INFO: [ app_init ] --END-- [ RunTime:0.001000s ]
INFO: [ app_begin ] --START--
INFO: Run Behavior\ReadHtmlCacheBehavior [ RunTime:0.001000s ]
INFO: [ app_begin ] --END-- [ RunTime:0.001000s ]
SQL: SHOW COLUMNS FROM `classify` [ RunTime:0.0030s ]
SQL: SELECT * FROM `classify`  [ RunTime:0.0000s ]
INFO: [ view_parse ] --START--
INFO: [ template_filter ] --START--
INFO: Run Behavior\ContentReplaceBehavior [ RunTime:0.000000s ]
INFO: [ template_filter ] --END-- [ RunTime:0.000000s ]
NOTIC: [8] Undefined variable: info E:\WWW\project\Runtime\Cache\Index\32afd11540848f7ba6d6341ae31640cc.php 第 52 行.
NOTIC: [8] Undefined variable: info E:\WWW\project\Runtime\Cache\Index\32afd11540848f7ba6d6341ae31640cc.php 第 53 行.
NOTIC: [8] Undefined variable: info E:\WWW\project\Runtime\Cache\Index\32afd11540848f7ba6d6341ae31640cc.php 第 53 行.
NOTIC: [8] Undefined variable: info E:\WWW\project\Runtime\Cache\Index\32afd11540848f7ba6d6341ae31640cc.php 第 53 行.
NOTIC: [8] Undefined variable: info E:\WWW\project\Runtime\Cache\Index\32afd11540848f7ba6d6341ae31640cc.php 第 53 行.
NOTIC: [8] Undefined variable: info E:\WWW\project\Runtime\Cache\Index\32afd11540848f7ba6d6341ae31640cc.php 第 53 行.
NOTIC: [8] Undefined variable: info E:\WWW\project\Runtime\Cache\Index\32afd11540848f7ba6d6341ae31640cc.php 第 53 行.
INFO: Run Behavior\ParseTemplateBehavior [ RunTime:0.010000s ]
INFO: [ view_parse ] --END-- [ RunTime:0.010000s ]
INFO: [ view_filter ] --START--
INFO: Run Behavior\WriteHtmlCacheBehavior [ RunTime:0.001000s ]
INFO: [ view_filter ] --END-- [ RunTime:0.001000s ]
INFO: [ app_end ] --START--
INFO: Run Behavior\ShowPageTraceBehavior [ RunTime:0.001000s ]
INFO: [ app_end ] --END-- [ RunTime:0.001000s ]

[ 2015-11-03T08:51:42+08:00 ] 127.0.0.1 /index.php?m=Admin&c=Editor&a=upload&dir=image
INFO: [ app_init ] --START--
INFO: Run Behavior\BuildLiteBehavior [ RunTime:0.000000s ]
INFO: [ app_init ] --END-- [ RunTime:0.000000s ]
INFO: [ app_begin ] --START--
INFO: Run Behavior\ReadHtmlCacheBehavior [ RunTime:0.000000s ]
INFO: [ app_begin ] --END-- [ RunTime:0.000000s ]
ERR: 无法加载控制器:Editor

[ 2015-11-03T08:51:57+08:00 ] 127.0.0.1 /index.php?m=Index&c=Index&a=my_pro_1
INFO: [ app_init ] --START--
INFO: Run Behavior\BuildLiteBehavior [ RunTime:0.000000s ]
INFO: [ app_init ] --END-- [ RunTime:0.000000s ]
INFO: [ app_begin ] --START--
INFO: Run Behavior\ReadHtmlCacheBehavior [ RunTime:0.001000s ]
INFO: [ app_begin ] --END-- [ RunTime:0.001000s ]
SQL: SHOW COLUMNS FROM `classify` [ RunTime:0.0040s ]
SQL: SELECT * FROM `classify`  [ RunTime:0.0010s ]
INFO: [ view_parse ] --START--
INFO: [ template_filter ] --START--
INFO: Run Behavior\ContentReplaceBehavior [ RunTime:0.000000s ]
INFO: [ template_filter ] --END-- [ RunTime:0.000000s ]
NOTIC: [8] Undefined variable: info E:\WWW\project\Runtime\Cache\Index\32afd11540848f7ba6d6341ae31640cc.php 第 52 行.
NOTIC: [8] Undefined variable: info E:\WWW\project\Runtime\Cache\Index\32afd11540848f7ba6d6341ae31640cc.php 第 53 行.
NOTIC: [8] Undefined variable: info E:\WWW\project\Runtime\Cache\Index\32afd11540848f7ba6d6341ae31640cc.php 第 53 行.
NOTIC: [8] Undefined variable: info E:\WWW\project\Runtime\Cache\Index\32afd11540848f7ba6d6341ae31640cc.php 第 53 行.
NOTIC: [8] Undefined variable: info E:\WWW\project\Runtime\Cache\Index\32afd11540848f7ba6d6341ae31640cc.php 第 53 行.
NOTIC: [8] Undefined variable: info E:\WWW\project\Runtime\Cache\Index\32afd11540848f7ba6d6341ae31640cc.php 第 53 行.
NOTIC: [8] Undefined variable: info E:\WWW\project\Runtime\Cache\Index\32afd11540848f7ba6d6341ae31640cc.php 第 53 行.
INFO: Run Behavior\ParseTemplateBehavior [ RunTime:0.009000s ]
INFO: [ view_parse ] --END-- [ RunTime:0.009000s ]
INFO: [ view_filter ] --START--
INFO: Run Behavior\WriteHtmlCacheBehavior [ RunTime:0.000000s ]
INFO: [ view_filter ] --END-- [ RunTime:0.000000s ]
INFO: [ app_end ] --START--
INFO: Run Behavior\ShowPageTraceBehavior [ RunTime:0.001000s ]
INFO: [ app_end ] --END-- [ RunTime:0.001000s ]

[ 2015-11-03T08:52:21+08:00 ] 127.0.0.1 /index.php?m=Admin&c=Editor&a=upload&dir=image
INFO: [ app_init ] --START--
INFO: Run Behavior\BuildLiteBehavior [ RunTime:0.000000s ]
INFO: [ app_init ] --END-- [ RunTime:0.000000s ]
INFO: [ app_begin ] --START--
INFO: Run Behavior\ReadHtmlCacheBehavior [ RunTime:0.001000s ]
INFO: [ app_begin ] --END-- [ RunTime:0.001000s ]
NOTIC: [2] call_user_func() expects parameter 1 to be a valid callback, no array or string given E:\WWW\project\Library\Think\Upload.class.php 第 170 行.

[ 2015-11-03T08:52:45+08:00 ] 127.0.0.1 /index.php?m=Admin&c=Editor&a=upload&dir=image
INFO: [ app_init ] --START--
INFO: Run Behavior\BuildLiteBehavior [ RunTime:0.000000s ]
INFO: [ app_init ] --END-- [ RunTime:0.001000s ]
INFO: [ app_begin ] --START--
INFO: Run Behavior\ReadHtmlCacheBehavior [ RunTime:0.001000s ]
INFO: [ app_begin ] --END-- [ RunTime:0.001000s ]
NOTIC: [2] call_user_func() expects parameter 1 to be a valid callback, no array or string given E:\WWW\project\Library\Think\Upload.class.php 第 170 行.

[ 2015-11-03T08:53:34+08:00 ] 127.0.0.1 /index.php?m=Index&c=Index&a=my_pro_1
INFO: [ app_init ] --START--
INFO: Run Behavior\BuildLiteBehavior [ RunTime:0.000000s ]
INFO: [ app_init ] --END-- [ RunTime:0.001000s ]
INFO: [ app_begin ] --START--
INFO: Run Behavior\ReadHtmlCacheBehavior [ RunTime:0.000000s ]
INFO: [ app_begin ] --END-- [ RunTime:0.000000s ]
SQL: SHOW COLUMNS FROM `classify` [ RunTime:0.0040s ]
SQL: SELECT * FROM `classify`  [ RunTime:0.0000s ]
INFO: [ view_parse ] --START--
INFO: [ template_filter ] --START--
INFO: Run Behavior\ContentReplaceBehavior [ RunTime:0.000000s ]
INFO: [ template_filter ] --END-- [ RunTime:0.000000s ]
NOTIC: [8] Undefined variable: info E:\WWW\project\Runtime\Cache\Index\32afd11540848f7ba6d6341ae31640cc.php 第 52 行.
NOTIC: [8] Undefined variable: info E:\WWW\project\Runtime\Cache\Index\32afd11540848f7ba6d6341ae31640cc.php 第 53 行.
NOTIC: [8] Undefined variable: info E:\WWW\project\Runtime\Cache\Index\32afd11540848f7ba6d6341ae31640cc.php 第 53 行.
NOTIC: [8] Undefined variable: info E:\WWW\project\Runtime\Cache\Index\32afd11540848f7ba6d6341ae31640cc.php 第 53 行.
NOTIC: [8] Undefined variable: info E:\WWW\project\Runtime\Cache\Index\32afd11540848f7ba6d6341ae31640cc.php 第 53 行.
NOTIC: [8] Undefined variable: info E:\WWW\project\Runtime\Cache\Index\32afd11540848f7ba6d6341ae31640cc.php 第 53 行.
NOTIC: [8] Undefined variable: info E:\WWW\project\Runtime\Cache\Index\32afd11540848f7ba6d6341ae31640cc.php 第 53 行.
INFO: Run Behavior\ParseTemplateBehavior [ RunTime:0.010001s ]
INFO: [ view_parse ] --END-- [ RunTime:0.010001s ]
INFO: [ view_filter ] --START--
INFO: Run Behavior\WriteHtmlCacheBehavior [ RunTime:0.001000s ]
INFO: [ view_filter ] --END-- [ RunTime:0.001000s ]
INFO: [ app_end ] --START--
INFO: Run Behavior\ShowPageTraceBehavior [ RunTime:0.001000s ]
INFO: [ app_end ] --END-- [ RunTime:0.001000s ]

[ 2015-11-03T08:53:53+08:00 ] 127.0.0.1 /index.php?m=Admin&c=Editor&a=upload&dir=image
INFO: [ app_init ] --START--
INFO: Run Behavior\BuildLiteBehavior [ RunTime:0.000000s ]
INFO: [ app_init ] --END-- [ RunTime:0.000000s ]
INFO: [ app_begin ] --START--
INFO: Run Behavior\ReadHtmlCacheBehavior [ RunTime:0.001000s ]
INFO: [ app_begin ] --END-- [ RunTime:0.001000s ]
NOTIC: [2] call_user_func() expects parameter 1 to be a valid callback, no array or string given E:\WWW\project\Library\Think\Upload.class.php 第 170 行.

[ 2015-11-03T08:56:18+08:00 ] 127.0.0.1 /index.php?m=Index&c=Index&a=my_pro_1
INFO: [ app_init ] --START--
INFO: Run Behavior\BuildLiteBehavior [ RunTime:0.000000s ]
INFO: [ app_init ] --END-- [ RunTime:0.000000s ]
INFO: [ app_begin ] --START--
INFO: Run Behavior\ReadHtmlCacheBehavior [ RunTime:0.000000s ]
INFO: [ app_begin ] --END-- [ RunTime:0.000000s ]
SQL: SHOW COLUMNS FROM `classify` [ RunTime:0.0040s ]
SQL: SELECT * FROM `classify`  [ RunTime:0.0010s ]
INFO: [ view_parse ] --START--
INFO: [ template_filter ] --START--
INFO: Run Behavior\ContentReplaceBehavior [ RunTime:0.000000s ]
INFO: [ template_filter ] --END-- [ RunTime:0.000000s ]
NOTIC: [8] Undefined variable: info E:\WWW\project\Runtime\Cache\Index\32afd11540848f7ba6d6341ae31640cc.php 第 52 行.
NOTIC: [8] Undefined variable: info E:\WWW\project\Runtime\Cache\Index\32afd11540848f7ba6d6341ae31640cc.php 第 53 行.
NOTIC: [8] Undefined variable: info E:\WWW\project\Runtime\Cache\Index\32afd11540848f7ba6d6341ae31640cc.php 第 53 行.
NOTIC: [8] Undefined variable: info E:\WWW\project\Runtime\Cache\Index\32afd11540848f7ba6d6341ae31640cc.php 第 53 行.
NOTIC: [8] Undefined variable: info E:\WWW\project\Runtime\Cache\Index\32afd11540848f7ba6d6341ae31640cc.php 第 53 行.
NOTIC: [8] Undefined variable: info E:\WWW\project\Runtime\Cache\Index\32afd11540848f7ba6d6341ae31640cc.php 第 53 行.
NOTIC: [8] Undefined variable: info E:\WWW\project\Runtime\Cache\Index\32afd11540848f7ba6d6341ae31640cc.php 第 53 行.
INFO: Run Behavior\ParseTemplateBehavior [ RunTime:0.010001s ]
INFO: [ view_parse ] --END-- [ RunTime:0.010001s ]
INFO: [ view_filter ] --START--
INFO: Run Behavior\WriteHtmlCacheBehavior [ RunTime:0.001000s ]
INFO: [ view_filter ] --END-- [ RunTime:0.001000s ]
INFO: [ app_end ] --START--
INFO: Run Behavior\ShowPageTraceBehavior [ RunTime:0.001000s ]
INFO: [ app_end ] --END-- [ RunTime:0.001000s ]

[ 2015-11-03T08:56:26+08:00 ] 127.0.0.1 /index.php?m=Admin&c=Editor&a=upload&dir=image
INFO: [ app_init ] --START--
INFO: Run Behavior\BuildLiteBehavior [ RunTime:0.000000s ]
INFO: [ app_init ] --END-- [ RunTime:0.000000s ]
INFO: [ app_begin ] --START--
INFO: Run Behavior\ReadHtmlCacheBehavior [ RunTime:0.000000s ]
INFO: [ app_begin ] --END-- [ RunTime:0.000000s ]

[ 2015-11-03T08:57:54+08:00 ] 127.0.0.1 /index.php?m=Index&c=Index&a=my_pro_1
INFO: [ app_init ] --START--
INFO: Run Behavior\BuildLiteBehavior [ RunTime:0.000000s ]
INFO: [ app_init ] --END-- [ RunTime:0.000000s ]
INFO: [ app_begin ] --START--
INFO: Run Behavior\ReadHtmlCacheBehavior [ RunTime:0.001000s ]
INFO: [ app_begin ] --END-- [ RunTime:0.002000s ]
SQL: SHOW COLUMNS FROM `classify` [ RunTime:0.0040s ]
SQL: SELECT * FROM `classify`  [ RunTime:0.0000s ]
INFO: [ view_parse ] --START--
INFO: [ template_filter ] --START--
INFO: Run Behavior\ContentReplaceBehavior [ RunTime:0.000000s ]
INFO: [ template_filter ] --END-- [ RunTime:0.001001s ]
NOTIC: [8] Undefined variable: info E:\WWW\project\Runtime\Cache\Index\32afd11540848f7ba6d6341ae31640cc.php 第 52 行.
NOTIC: [8] Undefined variable: info E:\WWW\project\Runtime\Cache\Index\32afd11540848f7ba6d6341ae31640cc.php 第 53 行.
NOTIC: [8] Undefined variable: info E:\WWW\project\Runtime\Cache\Index\32afd11540848f7ba6d6341ae31640cc.php 第 53 行.
NOTIC: [8] Undefined variable: info E:\WWW\project\Runtime\Cache\Index\32afd11540848f7ba6d6341ae31640cc.php 第 53 行.
NOTIC: [8] Undefined variable: info E:\WWW\project\Runtime\Cache\Index\32afd11540848f7ba6d6341ae31640cc.php 第 53 行.
NOTIC: [8] Undefined variable: info E:\WWW\project\Runtime\Cache\Index\32afd11540848f7ba6d6341ae31640cc.php 第 53 行.
NOTIC: [8] Undefined variable: info E:\WWW\project\Runtime\Cache\Index\32afd11540848f7ba6d6341ae31640cc.php 第 53 行.
INFO: Run Behavior\ParseTemplateBehavior [ RunTime:0.008001s ]
INFO: [ view_parse ] --END-- [ RunTime:0.008001s ]
INFO: [ view_filter ] --START--
INFO: Run Behavior\WriteHtmlCacheBehavior [ RunTime:0.000000s ]
INFO: [ view_filter ] --END-- [ RunTime:0.000000s ]
INFO: [ app_end ] --START--
INFO: Run Behavior\ShowPageTraceBehavior [ RunTime:0.001000s ]
INFO: [ app_end ] --END-- [ RunTime:0.001000s ]

[ 2015-11-03T08:58:02+08:00 ] 127.0.0.1 /index.php?m=Index&c=Index&a=my_pro_1
INFO: [ app_init ] --START--
INFO: Run Behavior\BuildLiteBehavior [ RunTime:0.000000s ]
INFO: [ app_init ] --END-- [ RunTime:0.015600s ]
INFO: [ app_begin ] --START--
INFO: Run Behavior\ReadHtmlCacheBehavior [ RunTime:0.000000s ]
INFO: [ app_begin ] --END-- [ RunTime:0.000000s ]
SQL: SHOW COLUMNS FROM `classify` [ RunTime:0.0030s ]
SQL: SELECT * FROM `classify`  [ RunTime:0.0010s ]
INFO: [ view_parse ] --START--
INFO: [ template_filter ] --START--
INFO: Run Behavior\ContentReplaceBehavior [ RunTime:0.000000s ]
INFO: [ template_filter ] --END-- [ RunTime:0.000000s ]
NOTIC: [8] Undefined variable: info E:\WWW\project\Runtime\Cache\Index\32afd11540848f7ba6d6341ae31640cc.php 第 52 行.
NOTIC: [8] Undefined variable: info E:\WWW\project\Runtime\Cache\Index\32afd11540848f7ba6d6341ae31640cc.php 第 53 行.
NOTIC: [8] Undefined variable: info E:\WWW\project\Runtime\Cache\Index\32afd11540848f7ba6d6341ae31640cc.php 第 53 行.
NOTIC: [8] Undefined variable: info E:\WWW\project\Runtime\Cache\Index\32afd11540848f7ba6d6341ae31640cc.php 第 53 行.
NOTIC: [8] Undefined variable: info E:\WWW\project\Runtime\Cache\Index\32afd11540848f7ba6d6341ae31640cc.php 第 53 行.
NOTIC: [8] Undefined variable: info E:\WWW\project\Runtime\Cache\Index\32afd11540848f7ba6d6341ae31640cc.php 第 53 行.
NOTIC: [8] Undefined variable: info E:\WWW\project\Runtime\Cache\Index\32afd11540848f7ba6d6341ae31640cc.php 第 53 行.
INFO: Run Behavior\ParseTemplateBehavior [ RunTime:0.010000s ]
INFO: [ view_parse ] --END-- [ RunTime:0.010000s ]
INFO: [ view_filter ] --START--
INFO: Run Behavior\WriteHtmlCacheBehavior [ RunTime:0.000000s ]
INFO: [ view_filter ] --END-- [ RunTime:0.000000s ]
INFO: [ app_end ] --START--
INFO: Run Behavior\ShowPageTraceBehavior [ RunTime:0.001000s ]
INFO: [ app_end ] --END-- [ RunTime:0.001000s ]

[ 2015-11-03T08:58:07+08:00 ] 127.0.0.1 /index.php?m=Index&c=Editor&a=upload&dir=image
INFO: [ app_init ] --START--
INFO: Run Behavior\BuildLiteBehavior [ RunTime:0.000000s ]
INFO: [ app_init ] --END-- [ RunTime:0.001000s ]
INFO: [ app_begin ] --START--
INFO: Run Behavior\ReadHtmlCacheBehavior [ RunTime:0.001000s ]
INFO: [ app_begin ] --END-- [ RunTime:0.001000s ]
NOTIC: [2] call_user_func() expects parameter 1 to be a valid callback, no array or string given E:\WWW\project\Library\Think\Upload.class.php 第 170 行.

[ 2015-11-03T08:58:34+08:00 ] 127.0.0.1 /index.php?m=Index&c=Editor&a=upload&dir=image
INFO: [ app_init ] --START--
INFO: Run Behavior\BuildLiteBehavior [ RunTime:0.001000s ]
INFO: [ app_init ] --END-- [ RunTime:0.001000s ]
INFO: [ app_begin ] --START--
INFO: Run Behavior\ReadHtmlCacheBehavior [ RunTime:0.001000s ]
INFO: [ app_begin ] --END-- [ RunTime:0.001000s ]
NOTIC: [2] call_user_func() expects parameter 1 to be a valid callback, no array or string given E:\WWW\project\Library\Think\Upload.class.php 第 170 行.

[ 2015-11-03T08:59:44+08:00 ] 127.0.0.1 /index.php?m=Index&c=Index&a=my_pro_1
INFO: [ app_init ] --START--
INFO: Run Behavior\BuildLiteBehavior [ RunTime:0.000000s ]
INFO: [ app_init ] --END-- [ RunTime:0.001000s ]
INFO: [ app_begin ] --START--
INFO: Run Behavior\ReadHtmlCacheBehavior [ RunTime:0.001000s ]
INFO: [ app_begin ] --END-- [ RunTime:0.001000s ]
SQL: SHOW COLUMNS FROM `classify` [ RunTime:0.0040s ]
SQL: SELECT * FROM `classify`  [ RunTime:0.0010s ]
INFO: [ view_parse ] --START--
INFO: [ template_filter ] --START--
INFO: Run Behavior\ContentReplaceBehavior [ RunTime:0.000000s ]
INFO: [ template_filter ] --END-- [ RunTime:0.000000s ]
NOTIC: [8] Undefined variable: info E:\WWW\project\Runtime\Cache\Index\32afd11540848f7ba6d6341ae31640cc.php 第 52 行.
NOTIC: [8] Undefined variable: info E:\WWW\project\Runtime\Cache\Index\32afd11540848f7ba6d6341ae31640cc.php 第 53 行.
NOTIC: [8] Undefined variable: info E:\WWW\project\Runtime\Cache\Index\32afd11540848f7ba6d6341ae31640cc.php 第 53 行.
NOTIC: [8] Undefined variable: info E:\WWW\project\Runtime\Cache\Index\32afd11540848f7ba6d6341ae31640cc.php 第 53 行.
NOTIC: [8] Undefined variable: info E:\WWW\project\Runtime\Cache\Index\32afd11540848f7ba6d6341ae31640cc.php 第 53 行.
NOTIC: [8] Undefined variable: info E:\WWW\project\Runtime\Cache\Index\32afd11540848f7ba6d6341ae31640cc.php 第 53 行.
NOTIC: [8] Undefined variable: info E:\WWW\project\Runtime\Cache\Index\32afd11540848f7ba6d6341ae31640cc.php 第 53 行.
INFO: Run Behavior\ParseTemplateBehavior [ RunTime:0.013001s ]
INFO: [ view_parse ] --END-- [ RunTime:0.013001s ]
INFO: [ view_filter ] --START--
INFO: Run Behavior\WriteHtmlCacheBehavior [ RunTime:0.000000s ]
INFO: [ view_filter ] --END-- [ RunTime:0.000000s ]
INFO: [ app_end ] --START--
INFO: Run Behavior\ShowPageTraceBehavior [ RunTime:0.001000s ]
INFO: [ app_end ] --END-- [ RunTime:0.001000s ]

[ 2015-11-03T08:59:49+08:00 ] 127.0.0.1 /index.php?m=Index&c=Editor&a=upload&dir=image
INFO: [ app_init ] --START--
INFO: Run Behavior\BuildLiteBehavior [ RunTime:0.000000s ]
INFO: [ app_init ] --END-- [ RunTime:0.000000s ]
INFO: [ app_begin ] --START--
INFO: Run Behavior\ReadHtmlCacheBehavior [ RunTime:0.001000s ]
INFO: [ app_begin ] --END-- [ RunTime:0.001000s ]
NOTIC: [2] call_user_func() expects parameter 1 to be a valid callback, no array or string given E:\WWW\project\Library\Think\Upload.class.php 第 170 行.

[ 2015-11-03T08:59:59+08:00 ] 127.0.0.1 /index.php?m=Index&c=Editor&a=upload&dir=image
INFO: [ app_init ] --START--
INFO: Run Behavior\BuildLiteBehavior [ RunTime:0.000000s ]
INFO: [ app_init ] --END-- [ RunTime:0.001000s ]
INFO: [ app_begin ] --START--
INFO: Run Behavior\ReadHtmlCacheBehavior [ RunTime:0.000000s ]
INFO: [ app_begin ] --END-- [ RunTime:0.000000s ]
NOTIC: [2] call_user_func() expects parameter 1 to be a valid callback, no array or string given E:\WWW\project\Library\Think\Upload.class.php 第 170 行.

[ 2015-11-03T09:08:00+08:00 ] 127.0.0.1 /index.php?m=Index&c=Index&a=my_pro_1
INFO: [ app_init ] --START--
INFO: Run Behavior\BuildLiteBehavior [ RunTime:0.000000s ]
INFO: [ app_init ] --END-- [ RunTime:0.000000s ]
INFO: [ app_begin ] --START--
INFO: Run Behavior\ReadHtmlCacheBehavior [ RunTime:0.000000s ]
INFO: [ app_begin ] --END-- [ RunTime:0.000000s ]
SQL: SHOW COLUMNS FROM `classify` [ RunTime:0.0040s ]
SQL: SELECT * FROM `classify`  [ RunTime:0.0000s ]
INFO: [ view_parse ] --START--
INFO: [ template_filter ] --START--
INFO: Run Behavior\ContentReplaceBehavior [ RunTime:0.000000s ]
INFO: [ template_filter ] --END-- [ RunTime:0.000000s ]
NOTIC: [8] Undefined variable: info E:\WWW\project\Runtime\Cache\Index\32afd11540848f7ba6d6341ae31640cc.php 第 52 行.
NOTIC: [8] Undefined variable: info E:\WWW\project\Runtime\Cache\Index\32afd11540848f7ba6d6341ae31640cc.php 第 53 行.
NOTIC: [8] Undefined variable: info E:\WWW\project\Runtime\Cache\Index\32afd11540848f7ba6d6341ae31640cc.php 第 53 行.
NOTIC: [8] Undefined variable: info E:\WWW\project\Runtime\Cache\Index\32afd11540848f7ba6d6341ae31640cc.php 第 53 行.
NOTIC: [8] Undefined variable: info E:\WWW\project\Runtime\Cache\Index\32afd11540848f7ba6d6341ae31640cc.php 第 53 行.
NOTIC: [8] Undefined variable: info E:\WWW\project\Runtime\Cache\Index\32afd11540848f7ba6d6341ae31640cc.php 第 53 行.
NOTIC: [8] Undefined variable: info E:\WWW\project\Runtime\Cache\Index\32afd11540848f7ba6d6341ae31640cc.php 第 53 行.
INFO: Run Behavior\ParseTemplateBehavior [ RunTime:0.011001s ]
INFO: [ view_parse ] --END-- [ RunTime:0.011001s ]
INFO: [ view_filter ] --START--
INFO: Run Behavior\WriteHtmlCacheBehavior [ RunTime:0.001000s ]
INFO: [ view_filter ] --END-- [ RunTime:0.001000s ]
INFO: [ app_end ] --START--
INFO: Run Behavior\ShowPageTraceBehavior [ RunTime:0.001000s ]
INFO: [ app_end ] --END-- [ RunTime:0.001000s ]

[ 2015-11-03T09:08:02+08:00 ] 127.0.0.1 /index.php?m=Index&c=Index&a=my_pro_1
INFO: [ app_init ] --START--
INFO: Run Behavior\BuildLiteBehavior [ RunTime:0.000000s ]
INFO: [ app_init ] --END-- [ RunTime:0.000000s ]
INFO: [ app_begin ] --START--
INFO: Run Behavior\ReadHtmlCacheBehavior [ RunTime:0.001000s ]
INFO: [ app_begin ] --END-- [ RunTime:0.001000s ]
SQL: SHOW COLUMNS FROM `classify` [ RunTime:0.0050s ]
SQL: SELECT * FROM `classify`  [ RunTime:0.0000s ]
INFO: [ view_parse ] --START--
INFO: [ template_filter ] --START--
INFO: Run Behavior\ContentReplaceBehavior [ RunTime:0.000000s ]
INFO: [ template_filter ] --END-- [ RunTime:0.000000s ]
NOTIC: [8] Undefined variable: info E:\WWW\project\Runtime\Cache\Index\32afd11540848f7ba6d6341ae31640cc.php 第 52 行.
NOTIC: [8] Undefined variable: info E:\WWW\project\Runtime\Cache\Index\32afd11540848f7ba6d6341ae31640cc.php 第 53 行.
NOTIC: [8] Undefined variable: info E:\WWW\project\Runtime\Cache\Index\32afd11540848f7ba6d6341ae31640cc.php 第 53 行.
NOTIC: [8] Undefined variable: info E:\WWW\project\Runtime\Cache\Index\32afd11540848f7ba6d6341ae31640cc.php 第 53 行.
NOTIC: [8] Undefined variable: info E:\WWW\project\Runtime\Cache\Index\32afd11540848f7ba6d6341ae31640cc.php 第 53 行.
NOTIC: [8] Undefined variable: info E:\WWW\project\Runtime\Cache\Index\32afd11540848f7ba6d6341ae31640cc.php 第 53 行.
NOTIC: [8] Undefined variable: info E:\WWW\project\Runtime\Cache\Index\32afd11540848f7ba6d6341ae31640cc.php 第 53 行.
INFO: Run Behavior\ParseTemplateBehavior [ RunTime:0.011001s ]
INFO: [ view_parse ] --END-- [ RunTime:0.011001s ]
INFO: [ view_filter ] --START--
INFO: Run Behavior\WriteHtmlCacheBehavior [ RunTime:0.001000s ]
INFO: [ view_filter ] --END-- [ RunTime:0.001000s ]
INFO: [ app_end ] --START--
INFO: Run Behavior\ShowPageTraceBehavior [ RunTime:0.001000s ]
INFO: [ app_end ] --END-- [ RunTime:0.001000s ]

[ 2015-11-03T09:11:24+08:00 ] 127.0.0.1 /index.php?m=Index&c=Index&a=my_pro_1
INFO: [ app_init ] --START--
INFO: Run Behavior\BuildLiteBehavior [ RunTime:0.000000s ]
INFO: [ app_init ] --END-- [ RunTime:0.001000s ]
INFO: [ app_begin ] --START--
INFO: Run Behavior\ReadHtmlCacheBehavior [ RunTime:0.000000s ]
INFO: [ app_begin ] --END-- [ RunTime:0.000000s ]
SQL: SHOW COLUMNS FROM `classify` [ RunTime:0.0040s ]
SQL: SELECT * FROM `classify`  [ RunTime:0.0010s ]
INFO: [ view_parse ] --START--
INFO: [ template_filter ] --START--
INFO: Run Behavior\ContentReplaceBehavior [ RunTime:0.000000s ]
INFO: [ template_filter ] --END-- [ RunTime:0.000000s ]
NOTIC: [8] Undefined variable: info E:\WWW\project\Runtime\Cache\Index\32afd11540848f7ba6d6341ae31640cc.php 第 52 行.
NOTIC: [8] Undefined variable: info E:\WWW\project\Runtime\Cache\Index\32afd11540848f7ba6d6341ae31640cc.php 第 53 行.
NOTIC: [8] Undefined variable: info E:\WWW\project\Runtime\Cache\Index\32afd11540848f7ba6d6341ae31640cc.php 第 53 行.
NOTIC: [8] Undefined variable: info E:\WWW\project\Runtime\Cache\Index\32afd11540848f7ba6d6341ae31640cc.php 第 53 行.
NOTIC: [8] Undefined variable: info E:\WWW\project\Runtime\Cache\Index\32afd11540848f7ba6d6341ae31640cc.php 第 53 行.
NOTIC: [8] Undefined variable: info E:\WWW\project\Runtime\Cache\Index\32afd11540848f7ba6d6341ae31640cc.php 第 53 行.
NOTIC: [8] Undefined variable: info E:\WWW\project\Runtime\Cache\Index\32afd11540848f7ba6d6341ae31640cc.php 第 53 行.
INFO: Run Behavior\ParseTemplateBehavior [ RunTime:0.011001s ]
INFO: [ view_parse ] --END-- [ RunTime:0.011001s ]
INFO: [ view_filter ] --START--
INFO: Run Behavior\WriteHtmlCacheBehavior [ RunTime:0.000000s ]
INFO: [ view_filter ] --END-- [ RunTime:0.000000s ]
INFO: [ app_end ] --START--
INFO: Run Behavior\ShowPageTraceBehavior [ RunTime:0.000000s ]
INFO: [ app_end ] --END-- [ RunTime:0.001000s ]

[ 2015-11-03T09:19:26+08:00 ] 127.0.0.1 /index.php?m=Index&c=Index&a=my_pro_1
INFO: [ app_init ] --START--
INFO: Run Behavior\BuildLiteBehavior [ RunTime:0.000000s ]
INFO: [ app_init ] --END-- [ RunTime:0.000000s ]
INFO: [ app_begin ] --START--
INFO: Run Behavior\ReadHtmlCacheBehavior [ RunTime:0.001000s ]
INFO: [ app_begin ] --END-- [ RunTime:0.001000s ]
SQL: SHOW COLUMNS FROM `project` [ RunTime:0.0330s ]
SQL: SHOW COLUMNS FROM `classify` [ RunTime:0.0050s ]
SQL: SELECT * FROM `classify`  [ RunTime:0.0000s ]
INFO: [ view_parse ] --START--
INFO: [ template_filter ] --START--
INFO: Run Behavior\ContentReplaceBehavior [ RunTime:0.000000s ]
INFO: [ template_filter ] --END-- [ RunTime:0.000000s ]
NOTIC: [8] Undefined variable: info E:\WWW\project\Runtime\Cache\Index\32afd11540848f7ba6d6341ae31640cc.php 第 52 行.
NOTIC: [8] Undefined variable: info E:\WWW\project\Runtime\Cache\Index\32afd11540848f7ba6d6341ae31640cc.php 第 53 行.
NOTIC: [8] Undefined variable: info E:\WWW\project\Runtime\Cache\Index\32afd11540848f7ba6d6341ae31640cc.php 第 53 行.
NOTIC: [8] Undefined variable: info E:\WWW\project\Runtime\Cache\Index\32afd11540848f7ba6d6341ae31640cc.php 第 53 行.
NOTIC: [8] Undefined variable: info E:\WWW\project\Runtime\Cache\Index\32afd11540848f7ba6d6341ae31640cc.php 第 53 行.
NOTIC: [8] Undefined variable: info E:\WWW\project\Runtime\Cache\Index\32afd11540848f7ba6d6341ae31640cc.php 第 53 行.
NOTIC: [8] Undefined variable: info E:\WWW\project\Runtime\Cache\Index\32afd11540848f7ba6d6341ae31640cc.php 第 53 行.
INFO: Run Behavior\ParseTemplateBehavior [ RunTime:0.012001s ]
INFO: [ view_parse ] --END-- [ RunTime:0.012001s ]
INFO: [ view_filter ] --START--
INFO: Run Behavior\WriteHtmlCacheBehavior [ RunTime:0.000000s ]
INFO: [ view_filter ] --END-- [ RunTime:0.000000s ]
INFO: [ app_end ] --START--
INFO: Run Behavior\ShowPageTraceBehavior [ RunTime:0.001000s ]
INFO: [ app_end ] --END-- [ RunTime:0.001000s ]

[ 2015-11-03T09:19:29+08:00 ] 127.0.0.1 /index.php?m=Index&c=Index&a=my_pro_2
INFO: [ app_init ] --START--
INFO: Run Behavior\BuildLiteBehavior [ RunTime:0.000000s ]
INFO: [ app_init ] --END-- [ RunTime:0.001000s ]
INFO: [ app_begin ] --START--
INFO: Run Behavior\ReadHtmlCacheBehavior [ RunTime:0.001000s ]
INFO: [ app_begin ] --END-- [ RunTime:0.001000s ]
SQL: SHOW COLUMNS FROM `project` [ RunTime:0.0050s ]
ERR: Think\Model:last_insert_id方法不存在！

[ 2015-11-03T09:19:34+08:00 ] 127.0.0.1 /index.php?m=Index&c=Index&a=my_pro_1
INFO: [ app_init ] --START--
INFO: Run Behavior\BuildLiteBehavior [ RunTime:0.000000s ]
INFO: [ app_init ] --END-- [ RunTime:0.001000s ]
INFO: [ app_begin ] --START--
INFO: Run Behavior\ReadHtmlCacheBehavior [ RunTime:0.000000s ]
INFO: [ app_begin ] --END-- [ RunTime:0.000000s ]
SQL: SHOW COLUMNS FROM `project` [ RunTime:0.0050s ]
SQL: SHOW COLUMNS FROM `classify` [ RunTime:0.0050s ]
SQL: SELECT * FROM `classify`  [ RunTime:0.0000s ]
INFO: [ view_parse ] --START--
INFO: [ template_filter ] --START--
INFO: Run Behavior\ContentReplaceBehavior [ RunTime:0.000000s ]
INFO: [ template_filter ] --END-- [ RunTime:0.000000s ]
NOTIC: [8] Undefined variable: info E:\WWW\project\Runtime\Cache\Index\32afd11540848f7ba6d6341ae31640cc.php 第 52 行.
NOTIC: [8] Undefined variable: info E:\WWW\project\Runtime\Cache\Index\32afd11540848f7ba6d6341ae31640cc.php 第 53 行.
NOTIC: [8] Undefined variable: info E:\WWW\project\Runtime\Cache\Index\32afd11540848f7ba6d6341ae31640cc.php 第 53 行.
NOTIC: [8] Undefined variable: info E:\WWW\project\Runtime\Cache\Index\32afd11540848f7ba6d6341ae31640cc.php 第 53 行.
NOTIC: [8] Undefined variable: info E:\WWW\project\Runtime\Cache\Index\32afd11540848f7ba6d6341ae31640cc.php 第 53 行.
NOTIC: [8] Undefined variable: info E:\WWW\project\Runtime\Cache\Index\32afd11540848f7ba6d6341ae31640cc.php 第 53 行.
NOTIC: [8] Undefined variable: info E:\WWW\project\Runtime\Cache\Index\32afd11540848f7ba6d6341ae31640cc.php 第 53 行.
INFO: Run Behavior\ParseTemplateBehavior [ RunTime:0.010001s ]
INFO: [ view_parse ] --END-- [ RunTime:0.010001s ]
INFO: [ view_filter ] --START--
INFO: Run Behavior\WriteHtmlCacheBehavior [ RunTime:0.000000s ]
INFO: [ view_filter ] --END-- [ RunTime:0.000000s ]
INFO: [ app_end ] --START--
INFO: Run Behavior\ShowPageTraceBehavior [ RunTime:0.001000s ]
INFO: [ app_end ] --END-- [ RunTime:0.001000s ]

[ 2015-11-03T09:21:18+08:00 ] 127.0.0.1 /index.php?m=Index&c=Index&a=my_pro_2
INFO: [ app_init ] --START--
INFO: Run Behavior\BuildLiteBehavior [ RunTime:0.000000s ]
INFO: [ app_init ] --END-- [ RunTime:0.001000s ]
INFO: [ app_begin ] --START--
INFO: Run Behavior\ReadHtmlCacheBehavior [ RunTime:0.000000s ]
INFO: [ app_begin ] --END-- [ RunTime:0.000000s ]
SQL: SHOW COLUMNS FROM `project` [ RunTime:0.0040s ]
ERR: Think\Model:mysql_insert_id方法不存在！

[ 2015-11-03T09:21:21+08:00 ] 127.0.0.1 /index.php?m=Index&c=Index&a=my_pro_1
INFO: [ app_init ] --START--
INFO: Run Behavior\BuildLiteBehavior [ RunTime:0.000000s ]
INFO: [ app_init ] --END-- [ RunTime:0.000000s ]
INFO: [ app_begin ] --START--
INFO: Run Behavior\ReadHtmlCacheBehavior [ RunTime:0.000000s ]
INFO: [ app_begin ] --END-- [ RunTime:0.000000s ]
SQL: SHOW COLUMNS FROM `project` [ RunTime:0.0050s ]
SQL: SHOW COLUMNS FROM `classify` [ RunTime:0.0060s ]
SQL: SELECT * FROM `classify`  [ RunTime:0.0000s ]
INFO: [ view_parse ] --START--
INFO: [ template_filter ] --START--
INFO: Run Behavior\ContentReplaceBehavior [ RunTime:0.000000s ]
INFO: [ template_filter ] --END-- [ RunTime:0.000000s ]
NOTIC: [8] Undefined variable: info E:\WWW\project\Runtime\Cache\Index\32afd11540848f7ba6d6341ae31640cc.php 第 52 行.
NOTIC: [8] Undefined variable: info E:\WWW\project\Runtime\Cache\Index\32afd11540848f7ba6d6341ae31640cc.php 第 53 行.
NOTIC: [8] Undefined variable: info E:\WWW\project\Runtime\Cache\Index\32afd11540848f7ba6d6341ae31640cc.php 第 53 行.
NOTIC: [8] Undefined variable: info E:\WWW\project\Runtime\Cache\Index\32afd11540848f7ba6d6341ae31640cc.php 第 53 行.
NOTIC: [8] Undefined variable: info E:\WWW\project\Runtime\Cache\Index\32afd11540848f7ba6d6341ae31640cc.php 第 53 行.
NOTIC: [8] Undefined variable: info E:\WWW\project\Runtime\Cache\Index\32afd11540848f7ba6d6341ae31640cc.php 第 53 行.
NOTIC: [8] Undefined variable: info E:\WWW\project\Runtime\Cache\Index\32afd11540848f7ba6d6341ae31640cc.php 第 53 行.
INFO: Run Behavior\ParseTemplateBehavior [ RunTime:0.010001s ]
INFO: [ view_parse ] --END-- [ RunTime:0.010001s ]
INFO: [ view_filter ] --START--
INFO: Run Behavior\WriteHtmlCacheBehavior [ RunTime:0.001000s ]
INFO: [ view_filter ] --END-- [ RunTime:0.001000s ]
INFO: [ app_end ] --START--
INFO: Run Behavior\ShowPageTraceBehavior [ RunTime:0.001000s ]
INFO: [ app_end ] --END-- [ RunTime:0.001000s ]

[ 2015-11-03T09:21:39+08:00 ] 127.0.0.1 /index.php?m=Index&c=Index&a=my_pro_2
INFO: [ app_init ] --START--
INFO: Run Behavior\BuildLiteBehavior [ RunTime:0.000000s ]
INFO: [ app_init ] --END-- [ RunTime:0.000000s ]
INFO: [ app_begin ] --START--
INFO: Run Behavior\ReadHtmlCacheBehavior [ RunTime:0.001000s ]
INFO: [ app_begin ] --END-- [ RunTime:0.001000s ]
SQL: SHOW COLUMNS FROM `project` [ RunTime:0.0050s ]
ERR: Think\Model:insert_id方法不存在！

[ 2015-11-03T09:21:41+08:00 ] 127.0.0.1 /index.php?m=Index&c=Index&a=my_pro_1
INFO: [ app_init ] --START--
INFO: Run Behavior\BuildLiteBehavior [ RunTime:0.000000s ]
INFO: [ app_init ] --END-- [ RunTime:0.000000s ]
INFO: [ app_begin ] --START--
INFO: Run Behavior\ReadHtmlCacheBehavior [ RunTime:0.001001s ]
INFO: [ app_begin ] --END-- [ RunTime:0.001001s ]
SQL: SHOW COLUMNS FROM `project` [ RunTime:0.0050s ]
SQL: SHOW COLUMNS FROM `classify` [ RunTime:0.0040s ]
SQL: SELECT * FROM `classify`  [ RunTime:0.0010s ]
INFO: [ view_parse ] --START--
INFO: [ template_filter ] --START--
INFO: Run Behavior\ContentReplaceBehavior [ RunTime:0.000000s ]
INFO: [ template_filter ] --END-- [ RunTime:0.000000s ]
NOTIC: [8] Undefined variable: info E:\WWW\project\Runtime\Cache\Index\32afd11540848f7ba6d6341ae31640cc.php 第 52 行.
NOTIC: [8] Undefined variable: info E:\WWW\project\Runtime\Cache\Index\32afd11540848f7ba6d6341ae31640cc.php 第 53 行.
NOTIC: [8] Undefined variable: info E:\WWW\project\Runtime\Cache\Index\32afd11540848f7ba6d6341ae31640cc.php 第 53 行.
NOTIC: [8] Undefined variable: info E:\WWW\project\Runtime\Cache\Index\32afd11540848f7ba6d6341ae31640cc.php 第 53 行.
NOTIC: [8] Undefined variable: info E:\WWW\project\Runtime\Cache\Index\32afd11540848f7ba6d6341ae31640cc.php 第 53 行.
NOTIC: [8] Undefined variable: info E:\WWW\project\Runtime\Cache\Index\32afd11540848f7ba6d6341ae31640cc.php 第 53 行.
NOTIC: [8] Undefined variable: info E:\WWW\project\Runtime\Cache\Index\32afd11540848f7ba6d6341ae31640cc.php 第 53 行.
INFO: Run Behavior\ParseTemplateBehavior [ RunTime:0.010000s ]
INFO: [ view_parse ] --END-- [ RunTime:0.011001s ]
INFO: [ view_filter ] --START--
INFO: Run Behavior\WriteHtmlCacheBehavior [ RunTime:0.000000s ]
INFO: [ view_filter ] --END-- [ RunTime:0.001000s ]
INFO: [ app_end ] --START--
INFO: Run Behavior\ShowPageTraceBehavior [ RunTime:0.000000s ]
INFO: [ app_end ] --END-- [ RunTime:0.001000s ]

[ 2015-11-03T09:24:14+08:00 ] 127.0.0.1 /index.php?m=Index&c=Index&a=my_pro_1
INFO: [ app_init ] --START--
INFO: Run Behavior\BuildLiteBehavior [ RunTime:0.000000s ]
INFO: [ app_init ] --END-- [ RunTime:0.000000s ]
INFO: [ app_begin ] --START--
INFO: Run Behavior\ReadHtmlCacheBehavior [ RunTime:0.001000s ]
INFO: [ app_begin ] --END-- [ RunTime:0.001000s ]

[ 2015-11-03T09:24:38+08:00 ] 127.0.0.1 /index.php?m=Index&c=Index&a=my_pro_1
INFO: [ app_init ] --START--
INFO: Run Behavior\BuildLiteBehavior [ RunTime:0.000000s ]
INFO: [ app_init ] --END-- [ RunTime:0.000000s ]
INFO: [ app_begin ] --START--
INFO: Run Behavior\ReadHtmlCacheBehavior [ RunTime:0.000000s ]
INFO: [ app_begin ] --END-- [ RunTime:0.000000s ]

[ 2015-11-03T09:24:40+08:00 ] 127.0.0.1 /index.php?m=Index&c=Index&a=my_pro_1
INFO: [ app_init ] --START--
INFO: Run Behavior\BuildLiteBehavior [ RunTime:0.000000s ]
INFO: [ app_init ] --END-- [ RunTime:0.000000s ]
INFO: [ app_begin ] --START--
INFO: Run Behavior\ReadHtmlCacheBehavior [ RunTime:0.001000s ]
INFO: [ app_begin ] --END-- [ RunTime:0.001000s ]

[ 2015-11-03T09:24:57+08:00 ] 127.0.0.1 /index.php?m=Index&c=Index&a=my_pro_1
INFO: [ app_init ] --START--
INFO: Run Behavior\BuildLiteBehavior [ RunTime:0.000000s ]
INFO: [ app_init ] --END-- [ RunTime:0.000000s ]
INFO: [ app_begin ] --START--
INFO: Run Behavior\ReadHtmlCacheBehavior [ RunTime:0.000000s ]
INFO: [ app_begin ] --END-- [ RunTime:0.000000s ]

[ 2015-11-03T09:25:24+08:00 ] 127.0.0.1 /index.php?m=Index&c=Index&a=my_pro_1
INFO: [ app_init ] --START--
INFO: Run Behavior\BuildLiteBehavior [ RunTime:0.000000s ]
INFO: [ app_init ] --END-- [ RunTime:0.001000s ]
INFO: [ app_begin ] --START--
INFO: Run Behavior\ReadHtmlCacheBehavior [ RunTime:0.000000s ]
INFO: [ app_begin ] --END-- [ RunTime:0.000000s ]
SQL: SHOW COLUMNS FROM `project` [ RunTime:0.0060s ]
SQL: SHOW COLUMNS FROM `classify` [ RunTime:0.0050s ]
SQL: SELECT * FROM `classify`  [ RunTime:0.0010s ]
INFO: [ view_parse ] --START--
INFO: [ template_filter ] --START--
INFO: Run Behavior\ContentReplaceBehavior [ RunTime:0.000000s ]
INFO: [ template_filter ] --END-- [ RunTime:0.000000s ]
NOTIC: [8] Undefined variable: info E:\WWW\project\Runtime\Cache\Index\32afd11540848f7ba6d6341ae31640cc.php 第 52 行.
NOTIC: [8] Undefined variable: info E:\WWW\project\Runtime\Cache\Index\32afd11540848f7ba6d6341ae31640cc.php 第 53 行.
NOTIC: [8] Undefined variable: info E:\WWW\project\Runtime\Cache\Index\32afd11540848f7ba6d6341ae31640cc.php 第 53 行.
NOTIC: [8] Undefined variable: info E:\WWW\project\Runtime\Cache\Index\32afd11540848f7ba6d6341ae31640cc.php 第 53 行.
NOTIC: [8] Undefined variable: info E:\WWW\project\Runtime\Cache\Index\32afd11540848f7ba6d6341ae31640cc.php 第 53 行.
NOTIC: [8] Undefined variable: info E:\WWW\project\Runtime\Cache\Index\32afd11540848f7ba6d6341ae31640cc.php 第 53 行.
NOTIC: [8] Undefined variable: info E:\WWW\project\Runtime\Cache\Index\32afd11540848f7ba6d6341ae31640cc.php 第 53 行.
INFO: Run Behavior\ParseTemplateBehavior [ RunTime:0.012001s ]
INFO: [ view_parse ] --END-- [ RunTime:0.012001s ]
INFO: [ view_filter ] --START--
INFO: Run Behavior\WriteHtmlCacheBehavior [ RunTime:0.002000s ]
INFO: [ view_filter ] --END-- [ RunTime:0.002000s ]
INFO: [ app_end ] --START--
INFO: Run Behavior\ShowPageTraceBehavior [ RunTime:0.026002s ]
INFO: [ app_end ] --END-- [ RunTime:0.027002s ]

[ 2015-11-03T09:25:51+08:00 ] 127.0.0.1 /index.php?m=Index&c=Editor&a=upload&dir=image
INFO: [ app_init ] --START--
INFO: Run Behavior\BuildLiteBehavior [ RunTime:0.000000s ]
INFO: [ app_init ] --END-- [ RunTime:0.001000s ]
INFO: [ app_begin ] --START--
INFO: Run Behavior\ReadHtmlCacheBehavior [ RunTime:0.000000s ]
INFO: [ app_begin ] --END-- [ RunTime:0.000000s ]
NOTIC: [2] call_user_func() expects parameter 1 to be a valid callback, no array or string given E:\WWW\project\Library\Think\Upload.class.php 第 170 行.

[ 2015-11-03T09:25:58+08:00 ] 127.0.0.1 /index.php?m=Index&c=Editor&a=upload&dir=image
INFO: [ app_init ] --START--
INFO: Run Behavior\BuildLiteBehavior [ RunTime:0.000000s ]
INFO: [ app_init ] --END-- [ RunTime:0.001000s ]
INFO: [ app_begin ] --START--
INFO: Run Behavior\ReadHtmlCacheBehavior [ RunTime:0.001000s ]
INFO: [ app_begin ] --END-- [ RunTime:0.001000s ]
NOTIC: [2] call_user_func() expects parameter 1 to be a valid callback, no array or string given E:\WWW\project\Library\Think\Upload.class.php 第 170 行.

[ 2015-11-03T09:26:03+08:00 ] 127.0.0.1 /index.php?m=Index&c=Index&a=my_pro_1
INFO: [ app_init ] --START--
INFO: Run Behavior\BuildLiteBehavior [ RunTime:0.000000s ]
INFO: [ app_init ] --END-- [ RunTime:0.000000s ]
INFO: [ app_begin ] --START--
INFO: Run Behavior\ReadHtmlCacheBehavior [ RunTime:0.000000s ]
INFO: [ app_begin ] --END-- [ RunTime:0.000000s ]
SQL: SHOW COLUMNS FROM `project` [ RunTime:0.0050s ]
NOTIC: [8] Undefined index: validate E:\WWW\project\Library\Think\Model.class.php 第 1185 行.
NOTIC: [8] Undefined index: auto E:\WWW\project\Library\Think\Model.class.php 第 1128 行.
SQL: INSERT INTO `project` (`name`,`cid`,`title`,`intro`,`cover_img`,`top_img`,`video_url`,`update_time`) VALUES ('eweww ','1','eee; eee; ee;','呵呵呵额','/Uploads/pro/cover/20151103/56380d1f79cbf.jpg','/Uploads/pro/top/20151103/56380d26b20e9.jpg','呜呜呜呜','1446513963') [ RunTime:0.0312s ]
INFO: [ app_end ] --START--
INFO: Run Behavior\ShowPageTraceBehavior [ RunTime:0.000000s ]
INFO: [ app_end ] --END-- [ RunTime:0.000000s ]

[ 2015-11-03T09:26:08+08:00 ] 127.0.0.1 /index.php?m=Index&c=Index&a=my_pro_2
INFO: [ app_init ] --START--
INFO: Run Behavior\BuildLiteBehavior [ RunTime:0.000000s ]
INFO: [ app_init ] --END-- [ RunTime:0.002000s ]
INFO: [ app_begin ] --START--
INFO: Run Behavior\ReadHtmlCacheBehavior [ RunTime:0.000000s ]
INFO: [ app_begin ] --END-- [ RunTime:0.000000s ]
SQL: SHOW COLUMNS FROM `project` [ RunTime:0.0050s ]
INFO: [ app_end ] --START--
INFO: Run Behavior\ShowPageTraceBehavior [ RunTime:0.000000s ]
INFO: [ app_end ] --END-- [ RunTime:0.000000s ]

[ 2015-11-03T09:32:09+08:00 ] 127.0.0.1 /index.php?m=Index&c=Index&a=my_pro_1
INFO: [ app_init ] --START--
INFO: Run Behavior\BuildLiteBehavior [ RunTime:0.000000s ]
INFO: [ app_init ] --END-- [ RunTime:0.001000s ]
INFO: [ app_begin ] --START--
INFO: Run Behavior\ReadHtmlCacheBehavior [ RunTime:0.000000s ]
INFO: [ app_begin ] --END-- [ RunTime:0.000000s ]
SQL: SHOW COLUMNS FROM `project` [ RunTime:0.0050s ]
SQL: SHOW COLUMNS FROM `classify` [ RunTime:0.0040s ]
SQL: SELECT * FROM `classify`  [ RunTime:0.0000s ]
INFO: [ view_parse ] --START--
INFO: [ template_filter ] --START--
INFO: Run Behavior\ContentReplaceBehavior [ RunTime:0.000000s ]
INFO: [ template_filter ] --END-- [ RunTime:0.000000s ]
NOTIC: [8] Undefined variable: info E:\WWW\project\Runtime\Cache\Index\32afd11540848f7ba6d6341ae31640cc.php 第 52 行.
NOTIC: [8] Undefined variable: info E:\WWW\project\Runtime\Cache\Index\32afd11540848f7ba6d6341ae31640cc.php 第 53 行.
NOTIC: [8] Undefined variable: info E:\WWW\project\Runtime\Cache\Index\32afd11540848f7ba6d6341ae31640cc.php 第 53 行.
NOTIC: [8] Undefined variable: info E:\WWW\project\Runtime\Cache\Index\32afd11540848f7ba6d6341ae31640cc.php 第 53 行.
NOTIC: [8] Undefined variable: info E:\WWW\project\Runtime\Cache\Index\32afd11540848f7ba6d6341ae31640cc.php 第 53 行.
NOTIC: [8] Undefined variable: info E:\WWW\project\Runtime\Cache\Index\32afd11540848f7ba6d6341ae31640cc.php 第 53 行.
NOTIC: [8] Undefined variable: info E:\WWW\project\Runtime\Cache\Index\32afd11540848f7ba6d6341ae31640cc.php 第 53 行.
INFO: Run Behavior\ParseTemplateBehavior [ RunTime:0.011000s ]
INFO: [ view_parse ] --END-- [ RunTime:0.011000s ]
INFO: [ view_filter ] --START--
INFO: Run Behavior\WriteHtmlCacheBehavior [ RunTime:0.000000s ]
INFO: [ view_filter ] --END-- [ RunTime:0.000000s ]
INFO: [ app_end ] --START--
INFO: Run Behavior\ShowPageTraceBehavior [ RunTime:0.001001s ]
INFO: [ app_end ] --END-- [ RunTime:0.001001s ]

[ 2015-11-03T09:32:10+08:00 ] 127.0.0.1 /index.php?m=Index&c=Index&a=my_pro_1
INFO: [ app_init ] --START--
INFO: Run Behavior\BuildLiteBehavior [ RunTime:0.001000s ]
INFO: [ app_init ] --END-- [ RunTime:0.001000s ]
INFO: [ app_begin ] --START--
INFO: Run Behavior\ReadHtmlCacheBehavior [ RunTime:0.000000s ]
INFO: [ app_begin ] --END-- [ RunTime:0.000000s ]
SQL: SHOW COLUMNS FROM `project` [ RunTime:0.0050s ]
SQL: SHOW COLUMNS FROM `classify` [ RunTime:0.0040s ]
SQL: SELECT * FROM `classify`  [ RunTime:0.0000s ]
INFO: [ view_parse ] --START--
INFO: [ template_filter ] --START--
INFO: Run Behavior\ContentReplaceBehavior [ RunTime:0.000000s ]
INFO: [ template_filter ] --END-- [ RunTime:0.001000s ]
NOTIC: [8] Undefined variable: info E:\WWW\project\Runtime\Cache\Index\32afd11540848f7ba6d6341ae31640cc.php 第 52 行.
NOTIC: [8] Undefined variable: info E:\WWW\project\Runtime\Cache\Index\32afd11540848f7ba6d6341ae31640cc.php 第 53 行.
NOTIC: [8] Undefined variable: info E:\WWW\project\Runtime\Cache\Index\32afd11540848f7ba6d6341ae31640cc.php 第 53 行.
NOTIC: [8] Undefined variable: info E:\WWW\project\Runtime\Cache\Index\32afd11540848f7ba6d6341ae31640cc.php 第 53 行.
NOTIC: [8] Undefined variable: info E:\WWW\project\Runtime\Cache\Index\32afd11540848f7ba6d6341ae31640cc.php 第 53 行.
NOTIC: [8] Undefined variable: info E:\WWW\project\Runtime\Cache\Index\32afd11540848f7ba6d6341ae31640cc.php 第 53 行.
NOTIC: [8] Undefined variable: info E:\WWW\project\Runtime\Cache\Index\32afd11540848f7ba6d6341ae31640cc.php 第 53 行.
INFO: Run Behavior\ParseTemplateBehavior [ RunTime:0.009001s ]
INFO: [ view_parse ] --END-- [ RunTime:0.009001s ]
INFO: [ view_filter ] --START--
INFO: Run Behavior\WriteHtmlCacheBehavior [ RunTime:0.000000s ]
INFO: [ view_filter ] --END-- [ RunTime:0.000000s ]
INFO: [ app_end ] --START--
INFO: Run Behavior\ShowPageTraceBehavior [ RunTime:0.000000s ]
INFO: [ app_end ] --END-- [ RunTime:0.001000s ]

[ 2015-11-03T09:32:28+08:00 ] 127.0.0.1 /index.php?m=Index&c=Editor&a=upload&dir=image
INFO: [ app_init ] --START--
INFO: Run Behavior\BuildLiteBehavior [ RunTime:0.000000s ]
INFO: [ app_init ] --END-- [ RunTime:0.001000s ]
INFO: [ app_begin ] --START--
INFO: Run Behavior\ReadHtmlCacheBehavior [ RunTime:0.001000s ]
INFO: [ app_begin ] --END-- [ RunTime:0.001000s ]
NOTIC: [2] call_user_func() expects parameter 1 to be a valid callback, no array or string given E:\WWW\project\Library\Think\Upload.class.php 第 170 行.

[ 2015-11-03T09:32:33+08:00 ] 127.0.0.1 /index.php?m=Index&c=Editor&a=upload&dir=image
INFO: [ app_init ] --START--
INFO: Run Behavior\BuildLiteBehavior [ RunTime:0.000000s ]
INFO: [ app_init ] --END-- [ RunTime:0.000000s ]
INFO: [ app_begin ] --START--
INFO: Run Behavior\ReadHtmlCacheBehavior [ RunTime:0.000000s ]
INFO: [ app_begin ] --END-- [ RunTime:0.001000s ]
NOTIC: [2] call_user_func() expects parameter 1 to be a valid callback, no array or string given E:\WWW\project\Library\Think\Upload.class.php 第 170 行.

[ 2015-11-03T09:32:36+08:00 ] 127.0.0.1 /index.php?m=Index&c=Index&a=my_pro_1
INFO: [ app_init ] --START--
INFO: Run Behavior\BuildLiteBehavior [ RunTime:0.000000s ]
INFO: [ app_init ] --END-- [ RunTime:0.001000s ]
INFO: [ app_begin ] --START--
INFO: Run Behavior\ReadHtmlCacheBehavior [ RunTime:0.000000s ]
INFO: [ app_begin ] --END-- [ RunTime:0.000000s ]
SQL: SHOW COLUMNS FROM `project` [ RunTime:0.0050s ]
NOTIC: [8] Undefined index: validate E:\WWW\project\Library\Think\Model.class.php 第 1185 行.
NOTIC: [8] Undefined index: auto E:\WWW\project\Library\Think\Model.class.php 第 1128 行.
SQL: INSERT INTO `project` (`name`,`cid`,`title`,`intro`,`cover_img`,`top_img`,`video_url`,`update_time`) VALUES ('rewwe','1','232; 213;','213213','/Uploads/pro/cover/20151103/56380eac49699.jpg','/Uploads/pro/top/20151103/56380eb199139.jpg','3213','1446514356') [ RunTime:0.0020s ]
INFO: [ app_end ] --START--
INFO: Run Behavior\ShowPageTraceBehavior [ RunTime:0.001000s ]
INFO: [ app_end ] --END-- [ RunTime:0.001000s ]

[ 2015-11-03T09:32:36+08:00 ] 127.0.0.1 /index.php?m=Index&c=Index&a=my_pro_2&id=6
INFO: [ app_init ] --START--
INFO: Run Behavior\BuildLiteBehavior [ RunTime:0.000000s ]
INFO: [ app_init ] --END-- [ RunTime:0.001000s ]
INFO: [ app_begin ] --START--
INFO: Run Behavior\ReadHtmlCacheBehavior [ RunTime:0.000000s ]
INFO: [ app_begin ] --END-- [ RunTime:0.000000s ]
SQL: SHOW COLUMNS FROM `project` [ RunTime:0.0050s ]
INFO: [ app_end ] --START--
INFO: Run Behavior\ShowPageTraceBehavior [ RunTime:0.001000s ]
INFO: [ app_end ] --END-- [ RunTime:0.001000s ]

[ 2015-11-03T09:57:16+08:00 ] 127.0.0.1 /
INFO: [ app_init ] --START--
INFO: Run Behavior\BuildLiteBehavior [ RunTime:0.000000s ]
INFO: [ app_init ] --END-- [ RunTime:0.014001s ]
INFO: [ app_begin ] --START--
INFO: Run Behavior\ReadHtmlCacheBehavior [ RunTime:0.001000s ]
INFO: [ app_begin ] --END-- [ RunTime:0.001000s ]
SQL: SHOW COLUMNS FROM `project` [ RunTime:0.0300s ]
INFO: [ view_parse ] --START--
INFO: [ template_filter ] --START--
INFO: Run Behavior\ContentReplaceBehavior [ RunTime:0.000000s ]
INFO: [ template_filter ] --END-- [ RunTime:0.000000s ]
INFO: Run Behavior\ParseTemplateBehavior [ RunTime:0.008001s ]
INFO: [ view_parse ] --END-- [ RunTime:0.008001s ]
INFO: [ view_filter ] --START--
INFO: Run Behavior\WriteHtmlCacheBehavior [ RunTime:0.000000s ]
INFO: [ view_filter ] --END-- [ RunTime:0.000000s ]
INFO: [ app_end ] --START--
INFO: Run Behavior\ShowPageTraceBehavior [ RunTime:0.001000s ]
INFO: [ app_end ] --END-- [ RunTime:0.001000s ]

[ 2015-11-03T09:57:17+08:00 ] 127.0.0.1 /favicon.ico
INFO: [ app_init ] --START--
INFO: Run Behavior\BuildLiteBehavior [ RunTime:0.000000s ]
INFO: [ app_init ] --END-- [ RunTime:0.000000s ]

[ 2015-11-03T09:57:18+08:00 ] 127.0.0.1 /index.php?m=Index&c=Index&a=my_pro_1
INFO: [ app_init ] --START--
INFO: Run Behavior\BuildLiteBehavior [ RunTime:0.000000s ]
INFO: [ app_init ] --END-- [ RunTime:0.001000s ]
INFO: [ app_begin ] --START--
INFO: Run Behavior\ReadHtmlCacheBehavior [ RunTime:0.001000s ]
INFO: [ app_begin ] --END-- [ RunTime:0.001000s ]
SQL: SHOW COLUMNS FROM `project` [ RunTime:0.0030s ]
INFO: [ view_parse ] --START--
INFO: [ template_filter ] --START--
INFO: Run Behavior\ContentReplaceBehavior [ RunTime:0.000000s ]
INFO: [ template_filter ] --END-- [ RunTime:0.000000s ]
INFO: Run Behavior\ParseTemplateBehavior [ RunTime:0.006000s ]
INFO: [ view_parse ] --END-- [ RunTime:0.006000s ]
INFO: [ view_filter ] --START--
INFO: Run Behavior\WriteHtmlCacheBehavior [ RunTime:0.000000s ]
INFO: [ view_filter ] --END-- [ RunTime:0.001000s ]

[ 2015-11-03T09:57:21+08:00 ] 127.0.0.1 /index.php?m=Index&c=Public&a=login
INFO: [ app_init ] --START--
INFO: Run Behavior\BuildLiteBehavior [ RunTime:0.000000s ]
INFO: [ app_init ] --END-- [ RunTime:0.000000s ]
INFO: [ app_begin ] --START--
INFO: Run Behavior\ReadHtmlCacheBehavior [ RunTime:0.000000s ]
INFO: [ app_begin ] --END-- [ RunTime:0.000000s ]
INFO: [ view_parse ] --START--
INFO: [ template_filter ] --START--
INFO: Run Behavior\ContentReplaceBehavior [ RunTime:0.000000s ]
INFO: [ template_filter ] --END-- [ RunTime:0.000000s ]
INFO: Run Behavior\ParseTemplateBehavior [ RunTime:0.007000s ]
INFO: [ view_parse ] --END-- [ RunTime:0.007000s ]
INFO: [ view_filter ] --START--
INFO: Run Behavior\WriteHtmlCacheBehavior [ RunTime:0.000000s ]
INFO: [ view_filter ] --END-- [ RunTime:0.000000s ]
INFO: [ app_end ] --START--
INFO: Run Behavior\ShowPageTraceBehavior [ RunTime:0.001000s ]
INFO: [ app_end ] --END-- [ RunTime:0.001000s ]

[ 2015-11-03T09:57:23+08:00 ] 127.0.0.1 /index.php?m=Index&c=Public&a=verify
INFO: [ app_init ] --START--
INFO: Run Behavior\BuildLiteBehavior [ RunTime:0.000000s ]
INFO: [ app_init ] --END-- [ RunTime:0.001000s ]
INFO: [ app_begin ] --START--
INFO: Run Behavior\ReadHtmlCacheBehavior [ RunTime:0.000000s ]
INFO: [ app_begin ] --END-- [ RunTime:0.000000s ]
INFO: [ app_end ] --START--
INFO: Run Behavior\ShowPageTraceBehavior [ RunTime:0.001000s ]
INFO: [ app_end ] --END-- [ RunTime:0.001000s ]

[ 2015-11-03T09:57:24+08:00 ] 127.0.0.1 /index.php?m=Index&c=Public&a=verify&_t=1446515845
INFO: [ app_init ] --START--
INFO: Run Behavior\BuildLiteBehavior [ RunTime:0.000000s ]
INFO: [ app_init ] --END-- [ RunTime:0.001000s ]
INFO: [ app_begin ] --START--
INFO: Run Behavior\ReadHtmlCacheBehavior [ RunTime:0.001000s ]
INFO: [ app_begin ] --END-- [ RunTime:0.001000s ]
INFO: [ app_end ] --START--
INFO: Run Behavior\ShowPageTraceBehavior [ RunTime:0.001000s ]
INFO: [ app_end ] --END-- [ RunTime:0.001000s ]

[ 2015-11-03T10:02:56+08:00 ] 127.0.0.1 /index.php?m=Index&c=Public&a=login
INFO: [ app_init ] --START--
INFO: Run Behavior\BuildLiteBehavior [ RunTime:0.000000s ]
INFO: [ app_init ] --END-- [ RunTime:0.001000s ]
INFO: [ app_begin ] --START--
INFO: Run Behavior\ReadHtmlCacheBehavior [ RunTime:0.001001s ]
INFO: [ app_begin ] --END-- [ RunTime:0.001001s ]
SQL: SHOW COLUMNS FROM `users` [ RunTime:0.0230s ]
SQL: SELECT * FROM `users` WHERE ( username ='user1' ) LIMIT 1   [ RunTime:0.0000s ]
SQL: UPDATE `users` SET `last_login`='1446516176',`last_ip`='127.0.0.1' WHERE `id` = 1 [ RunTime:0.0010s ]
INFO: [ app_end ] --START--
INFO: Run Behavior\ShowPageTraceBehavior [ RunTime:0.001000s ]
INFO: [ app_end ] --END-- [ RunTime:0.001000s ]

[ 2015-11-03T10:02:56+08:00 ] 127.0.0.1 /index.php?m=Index&c=Index&a=index
INFO: [ app_init ] --START--
INFO: Run Behavior\BuildLiteBehavior [ RunTime:0.000000s ]
INFO: [ app_init ] --END-- [ RunTime:0.000000s ]
INFO: [ app_begin ] --START--
INFO: Run Behavior\ReadHtmlCacheBehavior [ RunTime:0.000000s ]
INFO: [ app_begin ] --END-- [ RunTime:0.000000s ]
SQL: SHOW COLUMNS FROM `project` [ RunTime:0.0040s ]
INFO: [ view_parse ] --START--
INFO: [ template_filter ] --START--
INFO: Run Behavior\ContentReplaceBehavior [ RunTime:0.000000s ]
INFO: [ template_filter ] --END-- [ RunTime:0.000000s ]
INFO: Run Behavior\ParseTemplateBehavior [ RunTime:0.006001s ]
INFO: [ view_parse ] --END-- [ RunTime:0.006001s ]
INFO: [ view_filter ] --START--
INFO: Run Behavior\WriteHtmlCacheBehavior [ RunTime:0.001000s ]
INFO: [ view_filter ] --END-- [ RunTime:0.001000s ]
INFO: [ app_end ] --START--
INFO: Run Behavior\ShowPageTraceBehavior [ RunTime:0.000000s ]
INFO: [ app_end ] --END-- [ RunTime:0.001000s ]

[ 2015-11-03T10:02:57+08:00 ] 127.0.0.1 /index.php?m=Index&c=Index&a=my_pro_1
INFO: [ app_init ] --START--
INFO: Run Behavior\BuildLiteBehavior [ RunTime:0.000000s ]
INFO: [ app_init ] --END-- [ RunTime:0.000000s ]
INFO: [ app_begin ] --START--
INFO: Run Behavior\ReadHtmlCacheBehavior [ RunTime:0.000000s ]
INFO: [ app_begin ] --END-- [ RunTime:0.001000s ]
SQL: SHOW COLUMNS FROM `project` [ RunTime:0.0040s ]
SQL: SHOW COLUMNS FROM `classify` [ RunTime:0.0280s ]
SQL: SELECT * FROM `classify`  [ RunTime:0.0000s ]
INFO: [ view_parse ] --START--
INFO: [ template_filter ] --START--
INFO: Run Behavior\ContentReplaceBehavior [ RunTime:0.000000s ]
INFO: [ template_filter ] --END-- [ RunTime:0.000000s ]
NOTIC: [8] Undefined variable: info E:\WWW\project\Runtime\Cache\Index\32afd11540848f7ba6d6341ae31640cc.php 第 52 行.
NOTIC: [8] Undefined variable: info E:\WWW\project\Runtime\Cache\Index\32afd11540848f7ba6d6341ae31640cc.php 第 53 行.
NOTIC: [8] Undefined variable: info E:\WWW\project\Runtime\Cache\Index\32afd11540848f7ba6d6341ae31640cc.php 第 53 行.
NOTIC: [8] Undefined variable: info E:\WWW\project\Runtime\Cache\Index\32afd11540848f7ba6d6341ae31640cc.php 第 53 行.
NOTIC: [8] Undefined variable: info E:\WWW\project\Runtime\Cache\Index\32afd11540848f7ba6d6341ae31640cc.php 第 53 行.
NOTIC: [8] Undefined variable: info E:\WWW\project\Runtime\Cache\Index\32afd11540848f7ba6d6341ae31640cc.php 第 53 行.
NOTIC: [8] Undefined variable: info E:\WWW\project\Runtime\Cache\Index\32afd11540848f7ba6d6341ae31640cc.php 第 53 行.
INFO: Run Behavior\ParseTemplateBehavior [ RunTime:0.009001s ]
INFO: [ view_parse ] --END-- [ RunTime:0.009001s ]
INFO: [ view_filter ] --START--
INFO: Run Behavior\WriteHtmlCacheBehavior [ RunTime:0.001000s ]
INFO: [ view_filter ] --END-- [ RunTime:0.001000s ]
INFO: [ app_end ] --START--
INFO: Run Behavior\ShowPageTraceBehavior [ RunTime:0.001000s ]
INFO: [ app_end ] --END-- [ RunTime:0.001000s ]

[ 2015-11-03T10:05:33+08:00 ] 127.0.0.1 /index.php?m=Index&c=Index&a=my_pro_1
INFO: [ app_init ] --START--
INFO: Run Behavior\BuildLiteBehavior [ RunTime:0.000000s ]
INFO: [ app_init ] --END-- [ RunTime:0.001000s ]
INFO: [ app_begin ] --START--
INFO: Run Behavior\ReadHtmlCacheBehavior [ RunTime:0.001001s ]
INFO: [ app_begin ] --END-- [ RunTime:0.001001s ]
SQL: SHOW COLUMNS FROM `project` [ RunTime:0.0040s ]
SQL: SHOW COLUMNS FROM `classify` [ RunTime:0.0040s ]
SQL: SELECT * FROM `classify`  [ RunTime:0.0010s ]
INFO: [ view_parse ] --START--
INFO: [ template_filter ] --START--
INFO: Run Behavior\ContentReplaceBehavior [ RunTime:0.001000s ]
INFO: [ template_filter ] --END-- [ RunTime:0.001000s ]
NOTIC: [8] Undefined variable: info E:\WWW\project\Runtime\Cache\Index\32afd11540848f7ba6d6341ae31640cc.php 第 52 行.
NOTIC: [8] Undefined variable: info E:\WWW\project\Runtime\Cache\Index\32afd11540848f7ba6d6341ae31640cc.php 第 53 行.
NOTIC: [8] Undefined variable: info E:\WWW\project\Runtime\Cache\Index\32afd11540848f7ba6d6341ae31640cc.php 第 53 行.
NOTIC: [8] Undefined variable: info E:\WWW\project\Runtime\Cache\Index\32afd11540848f7ba6d6341ae31640cc.php 第 53 行.
NOTIC: [8] Undefined variable: info E:\WWW\project\Runtime\Cache\Index\32afd11540848f7ba6d6341ae31640cc.php 第 53 行.
NOTIC: [8] Undefined variable: info E:\WWW\project\Runtime\Cache\Index\32afd11540848f7ba6d6341ae31640cc.php 第 53 行.
NOTIC: [8] Undefined variable: info E:\WWW\project\Runtime\Cache\Index\32afd11540848f7ba6d6341ae31640cc.php 第 53 行.
INFO: Run Behavior\ParseTemplateBehavior [ RunTime:0.013000s ]
INFO: [ view_parse ] --END-- [ RunTime:0.013000s ]
INFO: [ view_filter ] --START--
INFO: Run Behavior\WriteHtmlCacheBehavior [ RunTime:0.000000s ]
INFO: [ view_filter ] --END-- [ RunTime:0.000000s ]
INFO: [ app_end ] --START--
INFO: Run Behavior\ShowPageTraceBehavior [ RunTime:0.000000s ]
INFO: [ app_end ] --END-- [ RunTime:0.001000s ]

[ 2015-11-03T10:05:47+08:00 ] 127.0.0.1 /index.php?m=Index&c=Index&a=my_pro_1
INFO: [ app_init ] --START--
INFO: Run Behavior\BuildLiteBehavior [ RunTime:0.000000s ]
INFO: [ app_init ] --END-- [ RunTime:0.000000s ]
INFO: [ app_begin ] --START--
INFO: Run Behavior\ReadHtmlCacheBehavior [ RunTime:0.001000s ]
INFO: [ app_begin ] --END-- [ RunTime:0.001000s ]
SQL: SHOW COLUMNS FROM `project` [ RunTime:0.0040s ]
SQL: SHOW COLUMNS FROM `classify` [ RunTime:0.0060s ]
SQL: SELECT * FROM `classify`  [ RunTime:0.0000s ]
INFO: [ view_parse ] --START--
INFO: [ template_filter ] --START--
INFO: Run Behavior\ContentReplaceBehavior [ RunTime:0.000000s ]
INFO: [ template_filter ] --END-- [ RunTime:0.000000s ]
NOTIC: [8] Undefined variable: info E:\WWW\project\Runtime\Cache\Index\32afd11540848f7ba6d6341ae31640cc.php 第 52 行.
NOTIC: [8] Undefined variable: info E:\WWW\project\Runtime\Cache\Index\32afd11540848f7ba6d6341ae31640cc.php 第 53 行.
NOTIC: [8] Undefined variable: info E:\WWW\project\Runtime\Cache\Index\32afd11540848f7ba6d6341ae31640cc.php 第 53 行.
NOTIC: [8] Undefined variable: info E:\WWW\project\Runtime\Cache\Index\32afd11540848f7ba6d6341ae31640cc.php 第 53 行.
NOTIC: [8] Undefined variable: info E:\WWW\project\Runtime\Cache\Index\32afd11540848f7ba6d6341ae31640cc.php 第 53 行.
NOTIC: [8] Undefined variable: info E:\WWW\project\Runtime\Cache\Index\32afd11540848f7ba6d6341ae31640cc.php 第 53 行.
NOTIC: [8] Undefined variable: info E:\WWW\project\Runtime\Cache\Index\32afd11540848f7ba6d6341ae31640cc.php 第 53 行.
INFO: Run Behavior\ParseTemplateBehavior [ RunTime:0.009001s ]
INFO: [ view_parse ] --END-- [ RunTime:0.010001s ]
INFO: [ view_filter ] --START--
INFO: Run Behavior\WriteHtmlCacheBehavior [ RunTime:0.000000s ]
INFO: [ view_filter ] --END-- [ RunTime:0.000000s ]
INFO: [ app_end ] --START--
INFO: Run Behavior\ShowPageTraceBehavior [ RunTime:0.000000s ]
INFO: [ app_end ] --END-- [ RunTime:0.000000s ]

[ 2015-11-03T10:06:05+08:00 ] 127.0.0.1 /index.php?m=Index&c=Index&a=my_pro_1
INFO: [ app_init ] --START--
INFO: Run Behavior\BuildLiteBehavior [ RunTime:0.000000s ]
INFO: [ app_init ] --END-- [ RunTime:0.001000s ]
INFO: [ app_begin ] --START--
INFO: Run Behavior\ReadHtmlCacheBehavior [ RunTime:0.001000s ]
INFO: [ app_begin ] --END-- [ RunTime:0.001000s ]
SQL: SHOW COLUMNS FROM `project` [ RunTime:0.0040s ]
SQL: SHOW COLUMNS FROM `classify` [ RunTime:0.0040s ]
SQL: SELECT * FROM `classify`  [ RunTime:0.0000s ]
INFO: [ view_parse ] --START--
INFO: [ template_filter ] --START--
INFO: Run Behavior\ContentReplaceBehavior [ RunTime:0.000000s ]
INFO: [ template_filter ] --END-- [ RunTime:0.000000s ]
NOTIC: [8] Undefined variable: info E:\WWW\project\Runtime\Cache\Index\32afd11540848f7ba6d6341ae31640cc.php 第 52 行.
NOTIC: [8] Undefined variable: info E:\WWW\project\Runtime\Cache\Index\32afd11540848f7ba6d6341ae31640cc.php 第 53 行.
NOTIC: [8] Undefined variable: info E:\WWW\project\Runtime\Cache\Index\32afd11540848f7ba6d6341ae31640cc.php 第 53 行.
NOTIC: [8] Undefined variable: info E:\WWW\project\Runtime\Cache\Index\32afd11540848f7ba6d6341ae31640cc.php 第 53 行.
NOTIC: [8] Undefined variable: info E:\WWW\project\Runtime\Cache\Index\32afd11540848f7ba6d6341ae31640cc.php 第 53 行.
NOTIC: [8] Undefined variable: info E:\WWW\project\Runtime\Cache\Index\32afd11540848f7ba6d6341ae31640cc.php 第 53 行.
NOTIC: [8] Undefined variable: info E:\WWW\project\Runtime\Cache\Index\32afd11540848f7ba6d6341ae31640cc.php 第 53 行.
INFO: Run Behavior\ParseTemplateBehavior [ RunTime:0.009001s ]
INFO: [ view_parse ] --END-- [ RunTime:0.009001s ]
INFO: [ view_filter ] --START--
INFO: Run Behavior\WriteHtmlCacheBehavior [ RunTime:0.001000s ]
INFO: [ view_filter ] --END-- [ RunTime:0.001000s ]
INFO: [ app_end ] --START--
INFO: Run Behavior\ShowPageTraceBehavior [ RunTime:0.000000s ]
INFO: [ app_end ] --END-- [ RunTime:0.001000s ]

[ 2015-11-03T10:06:31+08:00 ] 127.0.0.1 /index.php?m=Index&c=Index&a=my_pro_1
INFO: [ app_init ] --START--
INFO: Run Behavior\BuildLiteBehavior [ RunTime:0.000000s ]
INFO: [ app_init ] --END-- [ RunTime:0.000000s ]
INFO: [ app_begin ] --START--
INFO: Run Behavior\ReadHtmlCacheBehavior [ RunTime:0.001001s ]
INFO: [ app_begin ] --END-- [ RunTime:0.001001s ]
SQL: SHOW COLUMNS FROM `project` [ RunTime:0.0030s ]
SQL: SHOW COLUMNS FROM `classify` [ RunTime:0.0030s ]
SQL: SELECT * FROM `classify`  [ RunTime:0.0000s ]
INFO: [ view_parse ] --START--
INFO: [ template_filter ] --START--
INFO: Run Behavior\ContentReplaceBehavior [ RunTime:0.000000s ]
INFO: [ template_filter ] --END-- [ RunTime:0.000000s ]
NOTIC: [8] Undefined variable: info E:\WWW\project\Runtime\Cache\Index\32afd11540848f7ba6d6341ae31640cc.php 第 52 行.
NOTIC: [8] Undefined variable: info E:\WWW\project\Runtime\Cache\Index\32afd11540848f7ba6d6341ae31640cc.php 第 53 行.
NOTIC: [8] Undefined variable: info E:\WWW\project\Runtime\Cache\Index\32afd11540848f7ba6d6341ae31640cc.php 第 53 行.
NOTIC: [8] Undefined variable: info E:\WWW\project\Runtime\Cache\Index\32afd11540848f7ba6d6341ae31640cc.php 第 53 行.
NOTIC: [8] Undefined variable: info E:\WWW\project\Runtime\Cache\Index\32afd11540848f7ba6d6341ae31640cc.php 第 53 行.
NOTIC: [8] Undefined variable: info E:\WWW\project\Runtime\Cache\Index\32afd11540848f7ba6d6341ae31640cc.php 第 53 行.
NOTIC: [8] Undefined variable: info E:\WWW\project\Runtime\Cache\Index\32afd11540848f7ba6d6341ae31640cc.php 第 53 行.
INFO: Run Behavior\ParseTemplateBehavior [ RunTime:0.012000s ]
INFO: [ view_parse ] --END-- [ RunTime:0.012000s ]
INFO: [ view_filter ] --START--
INFO: Run Behavior\WriteHtmlCacheBehavior [ RunTime:0.001000s ]
INFO: [ view_filter ] --END-- [ RunTime:0.001000s ]
INFO: [ app_end ] --START--
INFO: Run Behavior\ShowPageTraceBehavior [ RunTime:0.001000s ]
INFO: [ app_end ] --END-- [ RunTime:0.001000s ]

